c:\dev\students\ch19\greg.allen\prog 2\solar-system\assignment2\source\library.desktop\obj\x64\debug\library.desktop.pch
c:\dev\students\ch19\greg.allen\prog 2\solar-system\assignment2\source\library.desktop\bin\x64\debug\library.desktop.pdb
c:\dev\students\ch19\greg.allen\prog 2\solar-system\assignment2\source\library.desktop\bin\x64\debug\library.desktop.idb
c:\dev\students\ch19\greg.allen\prog 2\solar-system\assignment2\source\library.desktop\obj\x64\debug\pch.obj
c:\dev\students\ch19\greg.allen\prog 2\solar-system\assignment2\source\library.desktop\obj\x64\debug\model.obj
c:\dev\students\ch19\greg.allen\prog 2\solar-system\assignment2\source\library.desktop\obj\x64\debug\mesh.obj
c:\dev\students\ch19\greg.allen\prog 2\solar-system\assignment2\source\library.desktop\obj\x64\debug\matrixhelper.obj
c:\dev\students\ch19\greg.allen\prog 2\solar-system\assignment2\source\library.desktop\obj\x64\debug\light.obj
c:\dev\students\ch19\greg.allen\prog 2\solar-system\assignment2\source\library.desktop\obj\x64\debug\keyboardcomponent.obj
c:\dev\students\ch19\greg.allen\prog 2\solar-system\assignment2\source\library.desktop\obj\x64\debug\grid.obj
c:\dev\students\ch19\greg.allen\prog 2\solar-system\assignment2\source\library.desktop\obj\x64\debug\gametime.obj
c:\dev\students\ch19\greg.allen\prog 2\solar-system\assignment2\source\library.desktop\obj\x64\debug\gamepadcomponent.obj
c:\dev\students\ch19\greg.allen\prog 2\solar-system\assignment2\source\library.desktop\obj\x64\debug\gameexception.obj
c:\dev\students\ch19\greg.allen\prog 2\solar-system\assignment2\source\library.desktop\obj\x64\debug\gamecomponent.obj
c:\dev\students\ch19\greg.allen\prog 2\solar-system\assignment2\source\library.desktop\obj\x64\debug\gameclock.obj
c:\dev\students\ch19\greg.allen\prog 2\solar-system\assignment2\source\library.desktop\obj\x64\debug\game.obj
c:\dev\students\ch19\greg.allen\prog 2\solar-system\assignment2\source\library.desktop\obj\x64\debug\fpscomponent.obj
c:\dev\students\ch19\greg.allen\prog 2\solar-system\assignment2\source\library.desktop\obj\x64\debug\firstpersoncamera.obj
c:\dev\students\ch19\greg.allen\prog 2\solar-system\assignment2\source\library.desktop\obj\x64\debug\drawablegamecomponent.obj
c:\dev\students\ch19\greg.allen\prog 2\solar-system\assignment2\source\library.desktop\obj\x64\debug\directionallight.obj
c:\dev\students\ch19\greg.allen\prog 2\solar-system\assignment2\source\library.desktop\obj\x64\debug\colorhelper.obj
c:\dev\students\ch19\greg.allen\prog 2\solar-system\assignment2\source\library.desktop\obj\x64\debug\camera.obj
c:\dev\students\ch19\greg.allen\prog 2\solar-system\assignment2\source\library.desktop\obj\x64\debug\blendstates.obj
c:\dev\students\ch19\greg.allen\prog 2\solar-system\assignment2\source\library.desktop\obj\x64\debug\vectorhelper.obj
c:\dev\students\ch19\greg.allen\prog 2\solar-system\assignment2\source\library.desktop\obj\x64\debug\utility.obj
c:\dev\students\ch19\greg.allen\prog 2\solar-system\assignment2\source\library.desktop\obj\x64\debug\streamhelper.obj
c:\dev\students\ch19\greg.allen\prog 2\solar-system\assignment2\source\library.desktop\obj\x64\debug\spotlight.obj
c:\dev\students\ch19\greg.allen\prog 2\solar-system\assignment2\source\library.desktop\obj\x64\debug\skybox.obj
c:\dev\students\ch19\greg.allen\prog 2\solar-system\assignment2\source\library.desktop\obj\x64\debug\servicecontainer.obj
c:\dev\students\ch19\greg.allen\prog 2\solar-system\assignment2\source\library.desktop\obj\x64\debug\samplerstates.obj
c:\dev\students\ch19\greg.allen\prog 2\solar-system\assignment2\source\library.desktop\obj\x64\debug\rendertarget.obj
c:\dev\students\ch19\greg.allen\prog 2\solar-system\assignment2\source\library.desktop\obj\x64\debug\renderstatehelper.obj
c:\dev\students\ch19\greg.allen\prog 2\solar-system\assignment2\source\library.desktop\obj\x64\debug\rasterizerstates.obj
c:\dev\students\ch19\greg.allen\prog 2\solar-system\assignment2\source\library.desktop\obj\x64\debug\proxymodel.obj
c:\dev\students\ch19\greg.allen\prog 2\solar-system\assignment2\source\library.desktop\obj\x64\debug\pointlight.obj
c:\dev\students\ch19\greg.allen\prog 2\solar-system\assignment2\source\library.desktop\obj\x64\debug\perspectivecamera.obj
c:\dev\students\ch19\greg.allen\prog 2\solar-system\assignment2\source\library.desktop\obj\x64\debug\orthographiccamera.obj
c:\dev\students\ch19\greg.allen\prog 2\solar-system\assignment2\source\library.desktop\obj\x64\debug\mousecomponent.obj
c:\dev\students\ch19\greg.allen\prog 2\solar-system\assignment2\source\library.desktop\obj\x64\debug\modelmaterial.obj
c:\dev\students\ch19\greg.allen\prog 2\solar-system\assignment2\source\library.desktop\bin\x64\debug\content\shaders\basicps.cso
c:\dev\students\ch19\greg.allen\prog 2\solar-system\assignment2\source\library.desktop\bin\x64\debug\content\shaders\basicvs.cso
c:\dev\students\ch19\greg.allen\prog 2\solar-system\assignment2\source\library.desktop\bin\x64\debug\content\shaders\skyboxps.cso
c:\dev\students\ch19\greg.allen\prog 2\solar-system\assignment2\source\library.desktop\bin\x64\debug\content\shaders\skyboxvs.cso
c:\dev\students\ch19\greg.allen\prog 2\solar-system\assignment2\source\library.desktop\obj\x64\debug\library.desktop.vcxproj.filelistabsolute.txt
c:\dev\students\ch19\greg.allen\prog 2\solar-system\assignment2\source\library.desktop\obj\x64\debug\library.desktop.tlog\cl.command.1.tlog
c:\dev\students\ch19\greg.allen\prog 2\solar-system\assignment2\source\library.desktop\obj\x64\debug\library.desktop.tlog\cl.read.1.tlog
c:\dev\students\ch19\greg.allen\prog 2\solar-system\assignment2\source\library.desktop\obj\x64\debug\library.desktop.tlog\cl.write.1.tlog
c:\dev\students\ch19\greg.allen\prog 2\solar-system\assignment2\source\library.desktop\obj\x64\debug\library.desktop.tlog\fxc.command.1.tlog
c:\dev\students\ch19\greg.allen\prog 2\solar-system\assignment2\source\library.desktop\obj\x64\debug\library.desktop.tlog\fxc.read.1.tlog
c:\dev\students\ch19\greg.allen\prog 2\solar-system\assignment2\source\library.desktop\obj\x64\debug\library.desktop.tlog\fxc.write.1.tlog
